Flutter crash report.
Please report a bug at https://github.com/flutter/flutter/issues.

## command

flutter gen-l10n

## exception

ProcessException: ProcessException: `dart format` failed with exit code 65

stdout:
Formatted no files in 0.95 seconds.


stderr:
Could not format because the source could not be parsed:

line 282, column 14 of c:/Users/hp/OneDrive/Documents/nexus_fertility_app/lib/flutter_gen/gen_l10n/app_localizations_en.dart: 'continue' can't be used as an identifier because it's a keyword.
    √¢‚Ä¢¬∑
282 √¢‚Äù‚Äö   String get continue => 'Continue';
    √¢‚Äù‚Äö              ^^^^^^^^
    √¢‚Ä¢¬µ
Could not format because the source could not be parsed:

line 282, column 14 of c:/Users/hp/OneDrive/Documents/nexus_fertility_app/lib/flutter_gen/gen_l10n/app_localizations_ha.dart: 'continue' can't be used as an identifier because it's a keyword.
    √¢‚Ä¢¬∑
282 √¢‚Äù‚Äö   String get continue => 'Ci gaba';
    √¢‚Äù‚Äö              ^^^^^^^^
    √¢‚Ä¢¬µ
Could not format because the source could not be parsed:

line 282, column 14 of c:/Users/hp/OneDrive/Documents/nexus_fertility_app/lib/flutter_gen/gen_l10n/app_localizations_ig.dart: 'continue' can't be used as an identifier because it's a keyword.
    √¢‚Ä¢¬∑
282 √¢‚Äù‚Äö   String get continue => 'Gaa n\'ihu';
    √¢‚Äù‚Äö              ^^^^^^^^
    √¢‚Ä¢¬µ
Could not format because the source could not be parsed:

line 282, column 14 of c:/Users/hp/OneDrive/Documents/nexus_fertility_app/lib/flutter_gen/gen_l10n/app_localizations_yo.dart: 'continue' can't be used as an identifier because it's a keyword.
    √¢‚Ä¢¬∑
282 √¢‚Äù‚Äö   String get continue => 'T√°¬∫¬π√å‚Ç¨s√É¬≠w√É¬°j√É¬∫';
    √¢‚Äù‚Äö              ^^^^^^^^
    √¢‚Ä¢¬µ
Could not format because the source could not be parsed:

line 634, column 14 of c:/Users/hp/OneDrive/Documents/nexus_fertility_app/lib/flutter_gen/gen_l10n/app_localizations.dart: 'continue' can't be used as an identifier because it's a keyword.
    √¢‚Ä¢¬∑
634 √¢‚Äù‚Äö   String get continue;
    √¢‚Äù‚Äö              ^^^^^^^^
    √¢‚Ä¢¬µ

  Command: C:\Users\hp\OneDrive\Documents\flutter\lib\flutter\bin\cache\dart-sdk\bin\dart.exe C:\Users\hp\OneDrive\Documents\flutter\lib\flutter\bin\cache\dart-sdk\bin\dart.exe format C:\Users\hp\OneDrive\Documents\nexus_fertility_app\lib\flutter_gen\gen_l10n\app_localizations_en.dart C:\Users\hp\OneDrive\Documents\nexus_fertility_app\lib\flutter_gen\gen_l10n\app_localizations_ha.dart C:\Users\hp\OneDrive\Documents\nexus_fertility_app\lib\flutter_gen\gen_l10n\app_localizations_ig.dart C:\Users\hp\OneDrive\Documents\nexus_fertility_app\lib\flutter_gen\gen_l10n\app_localizations_yo.dart C:\Users\hp\OneDrive\Documents\nexus_fertility_app\lib\flutter_gen\gen_l10n\app_localizations.dart

```
#0      generateLocalizations (package:flutter_tools/src/localizations/gen_l10n.dart:96:7)
<asynchronous suspension>
#1      GenerateLocalizationsCommand.runCommand (package:flutter_tools/src/commands/generate_localizations.dart:263:5)
<asynchronous suspension>
#2      FlutterCommand.run.<anonymous closure> (package:flutter_tools/src/runner/flutter_command.dart:1559:27)
<asynchronous suspension>
#3      AppContext.run.<anonymous closure> (package:flutter_tools/src/base/context.dart:154:19)
<asynchronous suspension>
#4      CommandRunner.runCommand (package:args/command_runner.dart:212:13)
<asynchronous suspension>
#5      FlutterCommandRunner.runCommand.<anonymous closure> (package:flutter_tools/src/runner/flutter_command_runner.dart:487:9)
<asynchronous suspension>
#6      AppContext.run.<anonymous closure> (package:flutter_tools/src/base/context.dart:154:19)
<asynchronous suspension>
#7      FlutterCommandRunner.runCommand (package:flutter_tools/src/runner/flutter_command_runner.dart:422:5)
<asynchronous suspension>
#8      run.<anonymous closure>.<anonymous closure> (package:flutter_tools/runner.dart:104:11)
<asynchronous suspension>
#9      AppContext.run.<anonymous closure> (package:flutter_tools/src/base/context.dart:154:19)
<asynchronous suspension>
#10     main (package:flutter_tools/executable.dart:103:3)
<asynchronous suspension>
```

## flutter doctor

```
[32m[‚úì][39m Flutter (Channel stable, 3.38.3, on Microsoft Windows [Version 10.0.22631.5189], locale en-US)
    [1,566ms]
    [32m‚Ä¢[39m Flutter version 3.38.3 on channel stable at C:\Users\hp\OneDrive\Documents\flutter\lib\flutter
    [32m‚Ä¢[39m Upstream repository https://github.com/flutter/flutter.git
    [32m‚Ä¢[39m Framework revision 19074d12f7 (7 weeks ago), 2025-11-20 17:53:13 -0500
    [32m‚Ä¢[39m Engine revision 13e658725d
    [32m‚Ä¢[39m Dart version 3.10.1
    [32m‚Ä¢[39m DevTools version 2.51.1
    [32m‚Ä¢[39m Feature flags: enable-web, enable-linux-desktop, enable-macos-desktop, enable-windows-desktop,
      enable-android, enable-ios, cli-animations, enable-native-assets, omit-legacy-version-file,
      enable-lldb-debugging

[32m[‚úì][39m Windows Version (11 Pro 64-bit, 23H2, 2009) [18.0s]

[31m[‚úó][39m Android toolchain - develop for Android devices [460ms]
    [31m‚úó[39m Unable to locate Android SDK.
      Install Android Studio from: https://developer.android.com/studio/index.html
      On first launch it will assist you in installing the Android SDK components.
      (or visit https://flutter.dev/to/windows-android-setup for detailed instructions).
      If the Android SDK has been installed to a custom location, please use
      `flutter config --android-sdk` to update to that location.


[32m[‚úì][39m Chrome - develop for the web [79ms]
    [32m‚Ä¢[39m Chrome at C:\Program Files\Google\Chrome\Application\chrome.exe

[31m[‚úó][39m Visual Studio - develop Windows apps [68ms]
    [31m‚úó[39m Visual Studio not installed; this is necessary to develop Windows apps.
      Download at https://visualstudio.microsoft.com/downloads/.
      Please install the "Desktop development with C++" workload, including all of its default
      components

[32m[‚úì][39m Connected device (3 available) [1,403ms]
    [32m‚Ä¢[39m Windows (desktop) ‚Ä¢ windows ‚Ä¢ windows-x64    ‚Ä¢ Microsoft Windows [Version 10.0.22631.5189]
    [32m‚Ä¢[39m Chrome (web)      ‚Ä¢ chrome  ‚Ä¢ web-javascript ‚Ä¢ Google Chrome 143.0.7499.171
    [32m‚Ä¢[39m Edge (web)        ‚Ä¢ edge    ‚Ä¢ web-javascript ‚Ä¢ Microsoft Edge 143.0.3650.96

[32m[‚úì][39m Network resources [1,856ms]
    [32m‚Ä¢[39m All expected network resources are available.

[33m![39m Doctor found issues in 2 categories.
```
